<?xml version="1.0" encoding="UTF-8"?>
<testsuite xmlns:xsi="http://www.w3.org/2001/XMLSchema-instance" xsi:noNamespaceSchemaLocation="https://maven.apache.org/surefire/maven-surefire-plugin/xsd/surefire-test-report.xsd" name="com.yep.NovelWebsiteApplicationTests" time="9.443" tests="3" errors="0" skipped="0" failures="0">
  <properties>
    <property name="sun.desktop" value="windows"/>
    <property name="awt.toolkit" value="sun.awt.windows.WToolkit"/>
    <property name="file.encoding.pkg" value="sun.io"/>
    <property name="java.specification.version" value="1.8"/>
    <property name="sun.cpu.isalist" value="amd64"/>
    <property name="sun.jnu.encoding" value="GBK"/>
    <property name="java.class.path" value="G:\workspace\workspace_myIdea\NovelWebsite\target\test-classes;G:\workspace\workspace_myIdea\NovelWebsite\target\classes;G:\DeveloperTools\Maven\repository\org\springframework\boot\spring-boot-starter-web\2.5.9\spring-boot-starter-web-2.5.9.jar;G:\DeveloperTools\Maven\repository\org\springframework\boot\spring-boot-starter\2.5.9\spring-boot-starter-2.5.9.jar;G:\DeveloperTools\Maven\repository\org\springframework\boot\spring-boot-starter-logging\2.5.9\spring-boot-starter-logging-2.5.9.jar;G:\DeveloperTools\Maven\repository\ch\qos\logback\logback-classic\1.2.10\logback-classic-1.2.10.jar;G:\DeveloperTools\Maven\repository\ch\qos\logback\logback-core\1.2.10\logback-core-1.2.10.jar;G:\DeveloperTools\Maven\repository\org\apache\logging\log4j\log4j-to-slf4j\2.17.1\log4j-to-slf4j-2.17.1.jar;G:\DeveloperTools\Maven\repository\org\apache\logging\log4j\log4j-api\2.17.1\log4j-api-2.17.1.jar;G:\DeveloperTools\Maven\repository\org\slf4j\jul-to-slf4j\1.7.33\jul-to-slf4j-1.7.33.jar;G:\DeveloperTools\Maven\repository\jakarta\annotation\jakarta.annotation-api\1.3.5\jakarta.annotation-api-1.3.5.jar;G:\DeveloperTools\Maven\repository\org\yaml\snakeyaml\1.28\snakeyaml-1.28.jar;G:\DeveloperTools\Maven\repository\org\springframework\boot\spring-boot-starter-json\2.5.9\spring-boot-starter-json-2.5.9.jar;G:\DeveloperTools\Maven\repository\com\fasterxml\jackson\core\jackson-databind\2.12.6\jackson-databind-2.12.6.jar;G:\DeveloperTools\Maven\repository\com\fasterxml\jackson\core\jackson-core\2.12.6\jackson-core-2.12.6.jar;G:\DeveloperTools\Maven\repository\com\fasterxml\jackson\datatype\jackson-datatype-jdk8\2.12.6\jackson-datatype-jdk8-2.12.6.jar;G:\DeveloperTools\Maven\repository\com\fasterxml\jackson\datatype\jackson-datatype-jsr310\2.12.6\jackson-datatype-jsr310-2.12.6.jar;G:\DeveloperTools\Maven\repository\com\fasterxml\jackson\module\jackson-module-parameter-names\2.12.6\jackson-module-parameter-names-2.12.6.jar;G:\DeveloperTools\Maven\repository\org\springframework\boot\spring-boot-starter-tomcat\2.5.9\spring-boot-starter-tomcat-2.5.9.jar;G:\DeveloperTools\Maven\repository\org\apache\tomcat\embed\tomcat-embed-core\9.0.56\tomcat-embed-core-9.0.56.jar;G:\DeveloperTools\Maven\repository\org\apache\tomcat\embed\tomcat-embed-el\9.0.56\tomcat-embed-el-9.0.56.jar;G:\DeveloperTools\Maven\repository\org\apache\tomcat\embed\tomcat-embed-websocket\9.0.56\tomcat-embed-websocket-9.0.56.jar;G:\DeveloperTools\Maven\repository\org\springframework\spring-web\5.3.15\spring-web-5.3.15.jar;G:\DeveloperTools\Maven\repository\org\springframework\spring-beans\5.3.15\spring-beans-5.3.15.jar;G:\DeveloperTools\Maven\repository\org\springframework\spring-webmvc\5.3.15\spring-webmvc-5.3.15.jar;G:\DeveloperTools\Maven\repository\org\springframework\spring-context\5.3.15\spring-context-5.3.15.jar;G:\DeveloperTools\Maven\repository\org\springframework\spring-expression\5.3.15\spring-expression-5.3.15.jar;G:\DeveloperTools\Maven\repository\org\springframework\boot\spring-boot-starter-test\2.5.9\spring-boot-starter-test-2.5.9.jar;G:\DeveloperTools\Maven\repository\org\springframework\boot\spring-boot-test\2.5.9\spring-boot-test-2.5.9.jar;G:\DeveloperTools\Maven\repository\org\springframework\boot\spring-boot-test-autoconfigure\2.5.9\spring-boot-test-autoconfigure-2.5.9.jar;G:\DeveloperTools\Maven\repository\com\jayway\jsonpath\json-path\2.5.0\json-path-2.5.0.jar;G:\DeveloperTools\Maven\repository\net\minidev\json-smart\2.4.7\json-smart-2.4.7.jar;G:\DeveloperTools\Maven\repository\net\minidev\accessors-smart\2.4.7\accessors-smart-2.4.7.jar;G:\DeveloperTools\Maven\repository\org\ow2\asm\asm\9.1\asm-9.1.jar;G:\DeveloperTools\Maven\repository\jakarta\xml\bind\jakarta.xml.bind-api\2.3.3\jakarta.xml.bind-api-2.3.3.jar;G:\DeveloperTools\Maven\repository\jakarta\activation\jakarta.activation-api\1.2.2\jakarta.activation-api-1.2.2.jar;G:\DeveloperTools\Maven\repository\org\assertj\assertj-core\3.19.0\assertj-core-3.19.0.jar;G:\DeveloperTools\Maven\repository\org\hamcrest\hamcrest\2.2\hamcrest-2.2.jar;G:\DeveloperTools\Maven\repository\org\junit\jupiter\junit-jupiter\5.7.2\junit-jupiter-5.7.2.jar;G:\DeveloperTools\Maven\repository\org\junit\jupiter\junit-jupiter-api\5.7.2\junit-jupiter-api-5.7.2.jar;G:\DeveloperTools\Maven\repository\org\apiguardian\apiguardian-api\1.1.0\apiguardian-api-1.1.0.jar;G:\DeveloperTools\Maven\repository\org\opentest4j\opentest4j\1.2.0\opentest4j-1.2.0.jar;G:\DeveloperTools\Maven\repository\org\junit\platform\junit-platform-commons\1.7.2\junit-platform-commons-1.7.2.jar;G:\DeveloperTools\Maven\repository\org\junit\jupiter\junit-jupiter-params\5.7.2\junit-jupiter-params-5.7.2.jar;G:\DeveloperTools\Maven\repository\org\junit\jupiter\junit-jupiter-engine\5.7.2\junit-jupiter-engine-5.7.2.jar;G:\DeveloperTools\Maven\repository\org\junit\platform\junit-platform-engine\1.7.2\junit-platform-engine-1.7.2.jar;G:\DeveloperTools\Maven\repository\org\mockito\mockito-core\3.9.0\mockito-core-3.9.0.jar;G:\DeveloperTools\Maven\repository\net\bytebuddy\byte-buddy\1.10.22\byte-buddy-1.10.22.jar;G:\DeveloperTools\Maven\repository\net\bytebuddy\byte-buddy-agent\1.10.22\byte-buddy-agent-1.10.22.jar;G:\DeveloperTools\Maven\repository\org\objenesis\objenesis\3.2\objenesis-3.2.jar;G:\DeveloperTools\Maven\repository\org\mockito\mockito-junit-jupiter\3.9.0\mockito-junit-jupiter-3.9.0.jar;G:\DeveloperTools\Maven\repository\org\skyscreamer\jsonassert\1.5.0\jsonassert-1.5.0.jar;G:\DeveloperTools\Maven\repository\com\vaadin\external\google\android-json\0.0.20131108.vaadin1\android-json-0.0.20131108.vaadin1.jar;G:\DeveloperTools\Maven\repository\org\springframework\spring-core\5.3.15\spring-core-5.3.15.jar;G:\DeveloperTools\Maven\repository\org\springframework\spring-jcl\5.3.15\spring-jcl-5.3.15.jar;G:\DeveloperTools\Maven\repository\org\springframework\spring-test\5.3.15\spring-test-5.3.15.jar;G:\DeveloperTools\Maven\repository\org\xmlunit\xmlunit-core\2.8.4\xmlunit-core-2.8.4.jar;G:\DeveloperTools\Maven\repository\org\springframework\boot\spring-boot-starter-security\2.5.9\spring-boot-starter-security-2.5.9.jar;G:\DeveloperTools\Maven\repository\org\springframework\spring-aop\5.3.15\spring-aop-5.3.15.jar;G:\DeveloperTools\Maven\repository\org\springframework\security\spring-security-config\5.5.4\spring-security-config-5.5.4.jar;G:\DeveloperTools\Maven\repository\org\springframework\security\spring-security-core\5.5.4\spring-security-core-5.5.4.jar;G:\DeveloperTools\Maven\repository\org\springframework\security\spring-security-crypto\5.5.4\spring-security-crypto-5.5.4.jar;G:\DeveloperTools\Maven\repository\org\springframework\security\spring-security-web\5.5.4\spring-security-web-5.5.4.jar;G:\DeveloperTools\Maven\repository\com\baomidou\mybatis-plus-boot-starter\3.5.1\mybatis-plus-boot-starter-3.5.1.jar;G:\DeveloperTools\Maven\repository\com\baomidou\mybatis-plus\3.5.1\mybatis-plus-3.5.1.jar;G:\DeveloperTools\Maven\repository\com\baomidou\mybatis-plus-extension\3.5.1\mybatis-plus-extension-3.5.1.jar;G:\DeveloperTools\Maven\repository\com\baomidou\mybatis-plus-core\3.5.1\mybatis-plus-core-3.5.1.jar;G:\DeveloperTools\Maven\repository\com\baomidou\mybatis-plus-annotation\3.5.1\mybatis-plus-annotation-3.5.1.jar;G:\DeveloperTools\Maven\repository\com\github\jsqlparser\jsqlparser\4.3\jsqlparser-4.3.jar;G:\DeveloperTools\Maven\repository\org\mybatis\mybatis\3.5.9\mybatis-3.5.9.jar;G:\DeveloperTools\Maven\repository\org\mybatis\mybatis-spring\2.0.6\mybatis-spring-2.0.6.jar;G:\DeveloperTools\Maven\repository\org\springframework\boot\spring-boot-autoconfigure\2.5.9\spring-boot-autoconfigure-2.5.9.jar;G:\DeveloperTools\Maven\repository\org\springframework\boot\spring-boot-starter-jdbc\2.5.9\spring-boot-starter-jdbc-2.5.9.jar;G:\DeveloperTools\Maven\repository\com\zaxxer\HikariCP\4.0.3\HikariCP-4.0.3.jar;G:\DeveloperTools\Maven\repository\org\springframework\spring-jdbc\5.3.15\spring-jdbc-5.3.15.jar;G:\DeveloperTools\Maven\repository\org\springframework\spring-tx\5.3.15\spring-tx-5.3.15.jar;G:\DeveloperTools\Maven\repository\mysql\mysql-connector-java\5.1.47\mysql-connector-java-5.1.47.jar;G:\DeveloperTools\Maven\repository\org\projectlombok\lombok\1.18.22\lombok-1.18.22.jar;G:\DeveloperTools\Maven\repository\com\alibaba\druid-spring-boot-starter\1.1.10\druid-spring-boot-starter-1.1.10.jar;G:\DeveloperTools\Maven\repository\com\alibaba\druid\1.1.10\druid-1.1.10.jar;G:\DeveloperTools\Maven\repository\org\slf4j\slf4j-api\1.7.33\slf4j-api-1.7.33.jar;G:\DeveloperTools\Maven\repository\com\alibaba\fastjson\1.2.73\fastjson-1.2.73.jar;G:\DeveloperTools\Maven\repository\io\springfox\springfox-swagger2\2.7.0\springfox-swagger2-2.7.0.jar;G:\DeveloperTools\Maven\repository\io\swagger\swagger-annotations\1.5.13\swagger-annotations-1.5.13.jar;G:\DeveloperTools\Maven\repository\io\swagger\swagger-models\1.5.13\swagger-models-1.5.13.jar;G:\DeveloperTools\Maven\repository\com\fasterxml\jackson\core\jackson-annotations\2.12.6\jackson-annotations-2.12.6.jar;G:\DeveloperTools\Maven\repository\io\springfox\springfox-spi\2.7.0\springfox-spi-2.7.0.jar;G:\DeveloperTools\Maven\repository\io\springfox\springfox-core\2.7.0\springfox-core-2.7.0.jar;G:\DeveloperTools\Maven\repository\io\springfox\springfox-schema\2.7.0\springfox-schema-2.7.0.jar;G:\DeveloperTools\Maven\repository\io\springfox\springfox-swagger-common\2.7.0\springfox-swagger-common-2.7.0.jar;G:\DeveloperTools\Maven\repository\io\springfox\springfox-spring-web\2.7.0\springfox-spring-web-2.7.0.jar;G:\DeveloperTools\Maven\repository\org\reflections\reflections\0.9.11\reflections-0.9.11.jar;G:\DeveloperTools\Maven\repository\com\google\guava\guava\18.0\guava-18.0.jar;G:\DeveloperTools\Maven\repository\com\fasterxml\classmate\1.5.1\classmate-1.5.1.jar;G:\DeveloperTools\Maven\repository\org\springframework\plugin\spring-plugin-core\1.2.0.RELEASE\spring-plugin-core-1.2.0.RELEASE.jar;G:\DeveloperTools\Maven\repository\org\springframework\plugin\spring-plugin-metadata\1.2.0.RELEASE\spring-plugin-metadata-1.2.0.RELEASE.jar;G:\DeveloperTools\Maven\repository\org\mapstruct\mapstruct\1.1.0.Final\mapstruct-1.1.0.Final.jar;G:\DeveloperTools\Maven\repository\com\github\xiaoymin\swagger-bootstrap-ui\1.9.6\swagger-bootstrap-ui-1.9.6.jar;G:\DeveloperTools\Maven\repository\org\javassist\javassist\3.25.0-GA\javassist-3.25.0-GA.jar;G:\DeveloperTools\Maven\repository\org\springframework\boot\spring-boot-devtools\2.5.9\spring-boot-devtools-2.5.9.jar;G:\DeveloperTools\Maven\repository\org\springframework\boot\spring-boot\2.5.9\spring-boot-2.5.9.jar;"/>
    <property name="java.vm.vendor" value="Oracle Corporation"/>
    <property name="sun.arch.data.model" value="64"/>
    <property name="user.variant" value=""/>
    <property name="java.vendor.url" value="http://java.oracle.com/"/>
    <property name="user.timezone" value="Asia/Shanghai"/>
    <property name="java.vm.specification.version" value="1.8"/>
    <property name="os.name" value="Windows 10"/>
    <property name="user.country" value="CN"/>
    <property name="sun.java.launcher" value="SUN_STANDARD"/>
    <property name="sun.boot.library.path" value="G:\DeveloperTools\Java\jdk1.8.0_131\jre\bin"/>
    <property name="sun.java.command" value="C:\Users\28459\AppData\Local\Temp\surefire4779395216854946303\surefirebooter3612492685087518631.jar C:\Users\28459\AppData\Local\Temp\surefire4779395216854946303 2022-02-24T20-45-53_270-jvmRun1 surefire2307589334399936131tmp surefire_04204806902159813940tmp"/>
    <property name="surefire.test.class.path" value="G:\workspace\workspace_myIdea\NovelWebsite\target\test-classes;G:\workspace\workspace_myIdea\NovelWebsite\target\classes;G:\DeveloperTools\Maven\repository\org\springframework\boot\spring-boot-starter-web\2.5.9\spring-boot-starter-web-2.5.9.jar;G:\DeveloperTools\Maven\repository\org\springframework\boot\spring-boot-starter\2.5.9\spring-boot-starter-2.5.9.jar;G:\DeveloperTools\Maven\repository\org\springframework\boot\spring-boot-starter-logging\2.5.9\spring-boot-starter-logging-2.5.9.jar;G:\DeveloperTools\Maven\repository\ch\qos\logback\logback-classic\1.2.10\logback-classic-1.2.10.jar;G:\DeveloperTools\Maven\repository\ch\qos\logback\logback-core\1.2.10\logback-core-1.2.10.jar;G:\DeveloperTools\Maven\repository\org\apache\logging\log4j\log4j-to-slf4j\2.17.1\log4j-to-slf4j-2.17.1.jar;G:\DeveloperTools\Maven\repository\org\apache\logging\log4j\log4j-api\2.17.1\log4j-api-2.17.1.jar;G:\DeveloperTools\Maven\repository\org\slf4j\jul-to-slf4j\1.7.33\jul-to-slf4j-1.7.33.jar;G:\DeveloperTools\Maven\repository\jakarta\annotation\jakarta.annotation-api\1.3.5\jakarta.annotation-api-1.3.5.jar;G:\DeveloperTools\Maven\repository\org\yaml\snakeyaml\1.28\snakeyaml-1.28.jar;G:\DeveloperTools\Maven\repository\org\springframework\boot\spring-boot-starter-json\2.5.9\spring-boot-starter-json-2.5.9.jar;G:\DeveloperTools\Maven\repository\com\fasterxml\jackson\core\jackson-databind\2.12.6\jackson-databind-2.12.6.jar;G:\DeveloperTools\Maven\repository\com\fasterxml\jackson\core\jackson-core\2.12.6\jackson-core-2.12.6.jar;G:\DeveloperTools\Maven\repository\com\fasterxml\jackson\datatype\jackson-datatype-jdk8\2.12.6\jackson-datatype-jdk8-2.12.6.jar;G:\DeveloperTools\Maven\repository\com\fasterxml\jackson\datatype\jackson-datatype-jsr310\2.12.6\jackson-datatype-jsr310-2.12.6.jar;G:\DeveloperTools\Maven\repository\com\fasterxml\jackson\module\jackson-module-parameter-names\2.12.6\jackson-module-parameter-names-2.12.6.jar;G:\DeveloperTools\Maven\repository\org\springframework\boot\spring-boot-starter-tomcat\2.5.9\spring-boot-starter-tomcat-2.5.9.jar;G:\DeveloperTools\Maven\repository\org\apache\tomcat\embed\tomcat-embed-core\9.0.56\tomcat-embed-core-9.0.56.jar;G:\DeveloperTools\Maven\repository\org\apache\tomcat\embed\tomcat-embed-el\9.0.56\tomcat-embed-el-9.0.56.jar;G:\DeveloperTools\Maven\repository\org\apache\tomcat\embed\tomcat-embed-websocket\9.0.56\tomcat-embed-websocket-9.0.56.jar;G:\DeveloperTools\Maven\repository\org\springframework\spring-web\5.3.15\spring-web-5.3.15.jar;G:\DeveloperTools\Maven\repository\org\springframework\spring-beans\5.3.15\spring-beans-5.3.15.jar;G:\DeveloperTools\Maven\repository\org\springframework\spring-webmvc\5.3.15\spring-webmvc-5.3.15.jar;G:\DeveloperTools\Maven\repository\org\springframework\spring-context\5.3.15\spring-context-5.3.15.jar;G:\DeveloperTools\Maven\repository\org\springframework\spring-expression\5.3.15\spring-expression-5.3.15.jar;G:\DeveloperTools\Maven\repository\org\springframework\boot\spring-boot-starter-test\2.5.9\spring-boot-starter-test-2.5.9.jar;G:\DeveloperTools\Maven\repository\org\springframework\boot\spring-boot-test\2.5.9\spring-boot-test-2.5.9.jar;G:\DeveloperTools\Maven\repository\org\springframework\boot\spring-boot-test-autoconfigure\2.5.9\spring-boot-test-autoconfigure-2.5.9.jar;G:\DeveloperTools\Maven\repository\com\jayway\jsonpath\json-path\2.5.0\json-path-2.5.0.jar;G:\DeveloperTools\Maven\repository\net\minidev\json-smart\2.4.7\json-smart-2.4.7.jar;G:\DeveloperTools\Maven\repository\net\minidev\accessors-smart\2.4.7\accessors-smart-2.4.7.jar;G:\DeveloperTools\Maven\repository\org\ow2\asm\asm\9.1\asm-9.1.jar;G:\DeveloperTools\Maven\repository\jakarta\xml\bind\jakarta.xml.bind-api\2.3.3\jakarta.xml.bind-api-2.3.3.jar;G:\DeveloperTools\Maven\repository\jakarta\activation\jakarta.activation-api\1.2.2\jakarta.activation-api-1.2.2.jar;G:\DeveloperTools\Maven\repository\org\assertj\assertj-core\3.19.0\assertj-core-3.19.0.jar;G:\DeveloperTools\Maven\repository\org\hamcrest\hamcrest\2.2\hamcrest-2.2.jar;G:\DeveloperTools\Maven\repository\org\junit\jupiter\junit-jupiter\5.7.2\junit-jupiter-5.7.2.jar;G:\DeveloperTools\Maven\repository\org\junit\jupiter\junit-jupiter-api\5.7.2\junit-jupiter-api-5.7.2.jar;G:\DeveloperTools\Maven\repository\org\apiguardian\apiguardian-api\1.1.0\apiguardian-api-1.1.0.jar;G:\DeveloperTools\Maven\repository\org\opentest4j\opentest4j\1.2.0\opentest4j-1.2.0.jar;G:\DeveloperTools\Maven\repository\org\junit\platform\junit-platform-commons\1.7.2\junit-platform-commons-1.7.2.jar;G:\DeveloperTools\Maven\repository\org\junit\jupiter\junit-jupiter-params\5.7.2\junit-jupiter-params-5.7.2.jar;G:\DeveloperTools\Maven\repository\org\junit\jupiter\junit-jupiter-engine\5.7.2\junit-jupiter-engine-5.7.2.jar;G:\DeveloperTools\Maven\repository\org\junit\platform\junit-platform-engine\1.7.2\junit-platform-engine-1.7.2.jar;G:\DeveloperTools\Maven\repository\org\mockito\mockito-core\3.9.0\mockito-core-3.9.0.jar;G:\DeveloperTools\Maven\repository\net\bytebuddy\byte-buddy\1.10.22\byte-buddy-1.10.22.jar;G:\DeveloperTools\Maven\repository\net\bytebuddy\byte-buddy-agent\1.10.22\byte-buddy-agent-1.10.22.jar;G:\DeveloperTools\Maven\repository\org\objenesis\objenesis\3.2\objenesis-3.2.jar;G:\DeveloperTools\Maven\repository\org\mockito\mockito-junit-jupiter\3.9.0\mockito-junit-jupiter-3.9.0.jar;G:\DeveloperTools\Maven\repository\org\skyscreamer\jsonassert\1.5.0\jsonassert-1.5.0.jar;G:\DeveloperTools\Maven\repository\com\vaadin\external\google\android-json\0.0.20131108.vaadin1\android-json-0.0.20131108.vaadin1.jar;G:\DeveloperTools\Maven\repository\org\springframework\spring-core\5.3.15\spring-core-5.3.15.jar;G:\DeveloperTools\Maven\repository\org\springframework\spring-jcl\5.3.15\spring-jcl-5.3.15.jar;G:\DeveloperTools\Maven\repository\org\springframework\spring-test\5.3.15\spring-test-5.3.15.jar;G:\DeveloperTools\Maven\repository\org\xmlunit\xmlunit-core\2.8.4\xmlunit-core-2.8.4.jar;G:\DeveloperTools\Maven\repository\org\springframework\boot\spring-boot-starter-security\2.5.9\spring-boot-starter-security-2.5.9.jar;G:\DeveloperTools\Maven\repository\org\springframework\spring-aop\5.3.15\spring-aop-5.3.15.jar;G:\DeveloperTools\Maven\repository\org\springframework\security\spring-security-config\5.5.4\spring-security-config-5.5.4.jar;G:\DeveloperTools\Maven\repository\org\springframework\security\spring-security-core\5.5.4\spring-security-core-5.5.4.jar;G:\DeveloperTools\Maven\repository\org\springframework\security\spring-security-crypto\5.5.4\spring-security-crypto-5.5.4.jar;G:\DeveloperTools\Maven\repository\org\springframework\security\spring-security-web\5.5.4\spring-security-web-5.5.4.jar;G:\DeveloperTools\Maven\repository\com\baomidou\mybatis-plus-boot-starter\3.5.1\mybatis-plus-boot-starter-3.5.1.jar;G:\DeveloperTools\Maven\repository\com\baomidou\mybatis-plus\3.5.1\mybatis-plus-3.5.1.jar;G:\DeveloperTools\Maven\repository\com\baomidou\mybatis-plus-extension\3.5.1\mybatis-plus-extension-3.5.1.jar;G:\DeveloperTools\Maven\repository\com\baomidou\mybatis-plus-core\3.5.1\mybatis-plus-core-3.5.1.jar;G:\DeveloperTools\Maven\repository\com\baomidou\mybatis-plus-annotation\3.5.1\mybatis-plus-annotation-3.5.1.jar;G:\DeveloperTools\Maven\repository\com\github\jsqlparser\jsqlparser\4.3\jsqlparser-4.3.jar;G:\DeveloperTools\Maven\repository\org\mybatis\mybatis\3.5.9\mybatis-3.5.9.jar;G:\DeveloperTools\Maven\repository\org\mybatis\mybatis-spring\2.0.6\mybatis-spring-2.0.6.jar;G:\DeveloperTools\Maven\repository\org\springframework\boot\spring-boot-autoconfigure\2.5.9\spring-boot-autoconfigure-2.5.9.jar;G:\DeveloperTools\Maven\repository\org\springframework\boot\spring-boot-starter-jdbc\2.5.9\spring-boot-starter-jdbc-2.5.9.jar;G:\DeveloperTools\Maven\repository\com\zaxxer\HikariCP\4.0.3\HikariCP-4.0.3.jar;G:\DeveloperTools\Maven\repository\org\springframework\spring-jdbc\5.3.15\spring-jdbc-5.3.15.jar;G:\DeveloperTools\Maven\repository\org\springframework\spring-tx\5.3.15\spring-tx-5.3.15.jar;G:\DeveloperTools\Maven\repository\mysql\mysql-connector-java\5.1.47\mysql-connector-java-5.1.47.jar;G:\DeveloperTools\Maven\repository\org\projectlombok\lombok\1.18.22\lombok-1.18.22.jar;G:\DeveloperTools\Maven\repository\com\alibaba\druid-spring-boot-starter\1.1.10\druid-spring-boot-starter-1.1.10.jar;G:\DeveloperTools\Maven\repository\com\alibaba\druid\1.1.10\druid-1.1.10.jar;G:\DeveloperTools\Maven\repository\org\slf4j\slf4j-api\1.7.33\slf4j-api-1.7.33.jar;G:\DeveloperTools\Maven\repository\com\alibaba\fastjson\1.2.73\fastjson-1.2.73.jar;G:\DeveloperTools\Maven\repository\io\springfox\springfox-swagger2\2.7.0\springfox-swagger2-2.7.0.jar;G:\DeveloperTools\Maven\repository\io\swagger\swagger-annotations\1.5.13\swagger-annotations-1.5.13.jar;G:\DeveloperTools\Maven\repository\io\swagger\swagger-models\1.5.13\swagger-models-1.5.13.jar;G:\DeveloperTools\Maven\repository\com\fasterxml\jackson\core\jackson-annotations\2.12.6\jackson-annotations-2.12.6.jar;G:\DeveloperTools\Maven\repository\io\springfox\springfox-spi\2.7.0\springfox-spi-2.7.0.jar;G:\DeveloperTools\Maven\repository\io\springfox\springfox-core\2.7.0\springfox-core-2.7.0.jar;G:\DeveloperTools\Maven\repository\io\springfox\springfox-schema\2.7.0\springfox-schema-2.7.0.jar;G:\DeveloperTools\Maven\repository\io\springfox\springfox-swagger-common\2.7.0\springfox-swagger-common-2.7.0.jar;G:\DeveloperTools\Maven\repository\io\springfox\springfox-spring-web\2.7.0\springfox-spring-web-2.7.0.jar;G:\DeveloperTools\Maven\repository\org\reflections\reflections\0.9.11\reflections-0.9.11.jar;G:\DeveloperTools\Maven\repository\com\google\guava\guava\18.0\guava-18.0.jar;G:\DeveloperTools\Maven\repository\com\fasterxml\classmate\1.5.1\classmate-1.5.1.jar;G:\DeveloperTools\Maven\repository\org\springframework\plugin\spring-plugin-core\1.2.0.RELEASE\spring-plugin-core-1.2.0.RELEASE.jar;G:\DeveloperTools\Maven\repository\org\springframework\plugin\spring-plugin-metadata\1.2.0.RELEASE\spring-plugin-metadata-1.2.0.RELEASE.jar;G:\DeveloperTools\Maven\repository\org\mapstruct\mapstruct\1.1.0.Final\mapstruct-1.1.0.Final.jar;G:\DeveloperTools\Maven\repository\com\github\xiaoymin\swagger-bootstrap-ui\1.9.6\swagger-bootstrap-ui-1.9.6.jar;G:\DeveloperTools\Maven\repository\org\javassist\javassist\3.25.0-GA\javassist-3.25.0-GA.jar;G:\DeveloperTools\Maven\repository\org\springframework\boot\spring-boot-devtools\2.5.9\spring-boot-devtools-2.5.9.jar;G:\DeveloperTools\Maven\repository\org\springframework\boot\spring-boot\2.5.9\spring-boot-2.5.9.jar;"/>
    <property name="sun.cpu.endian" value="little"/>
    <property name="user.home" value="C:\Users\28459"/>
    <property name="user.language" value="zh"/>
    <property name="java.specification.vendor" value="Oracle Corporation"/>
    <property name="java.home" value="G:\DeveloperTools\Java\jdk1.8.0_131\jre"/>
    <property name="basedir" value="G:\workspace\workspace_myIdea\NovelWebsite"/>
    <property name="file.separator" value="\"/>
    <property name="line.separator" value="&#10;"/>
    <property name="java.vm.specification.vendor" value="Oracle Corporation"/>
    <property name="java.specification.name" value="Java Platform API Specification"/>
    <property name="java.awt.graphicsenv" value="sun.awt.Win32GraphicsEnvironment"/>
    <property name="surefire.real.class.path" value="C:\Users\28459\AppData\Local\Temp\surefire4779395216854946303\surefirebooter3612492685087518631.jar"/>
    <property name="sun.boot.class.path" value="G:\DeveloperTools\Java\jdk1.8.0_131\jre\lib\resources.jar;G:\DeveloperTools\Java\jdk1.8.0_131\jre\lib\rt.jar;G:\DeveloperTools\Java\jdk1.8.0_131\jre\lib\sunrsasign.jar;G:\DeveloperTools\Java\jdk1.8.0_131\jre\lib\jsse.jar;G:\DeveloperTools\Java\jdk1.8.0_131\jre\lib\jce.jar;G:\DeveloperTools\Java\jdk1.8.0_131\jre\lib\charsets.jar;G:\DeveloperTools\Java\jdk1.8.0_131\jre\lib\jfr.jar;G:\DeveloperTools\Java\jdk1.8.0_131\jre\classes"/>
    <property name="user.script" value=""/>
    <property name="sun.management.compiler" value="HotSpot 64-Bit Tiered Compilers"/>
    <property name="java.runtime.version" value="1.8.0_131-b11"/>
    <property name="user.name" value="28459"/>
    <property name="path.separator" value=";"/>
    <property name="os.version" value="10.0"/>
    <property name="java.endorsed.dirs" value="G:\DeveloperTools\Java\jdk1.8.0_131\jre\lib\endorsed"/>
    <property name="java.runtime.name" value="Java(TM) SE Runtime Environment"/>
    <property name="file.encoding" value="GBK"/>
    <property name="java.vm.name" value="Java HotSpot(TM) 64-Bit Server VM"/>
    <property name="localRepository" value="G:\DeveloperTools\Maven\repository"/>
    <property name="java.vendor.url.bug" value="http://bugreport.sun.com/bugreport/"/>
    <property name="java.io.tmpdir" value="C:\Users\28459\AppData\Local\Temp\"/>
    <property name="idea.version" value="2021.1"/>
    <property name="java.version" value="1.8.0_131"/>
    <property name="user.dir" value="G:\workspace\workspace_myIdea\NovelWebsite"/>
    <property name="os.arch" value="amd64"/>
    <property name="java.vm.specification.name" value="Java Virtual Machine Specification"/>
    <property name="java.awt.printerjob" value="sun.awt.windows.WPrinterJob"/>
    <property name="sun.os.patch.level" value=""/>
    <property name="java.library.path" value="G:\DeveloperTools\Java\jdk1.8.0_131\jre\bin;C:\Windows\Sun\Java\bin;C:\Windows\system32;C:\Windows;G:\VMWare16\bin\;G:\DeveloperTools\XShell\Xlpd 6\;G:\DeveloperTools\XShell\Xshell 6\;G:\DeveloperTools\XShell\Xmanager 6\;G:\DeveloperTools\apache-maven-3.3.9\bin;G:\DeveloperTools\Java\jdk1.8.0_131\bin;G:\DeveloperTools\MySQL\MySQL-5.5.2.7-server\bin;G:\DeveloperTools\mingw64\bin;C:\Windows\System32;G:\DeveloperTools\Xftp\;C:\ProgramData\chocolatey\bin;C:\Windows\System32\OpenSSH\;G:\DeveloperTools\Git\cmd;G:\nvm;G:\DeveloperTools\node;C:\Program Files\PowerShell\7\;G:\DeveloperTools\Redis\;C:\Users\28459\scoop\shims;G:\DeveloperTools\Python3.7\Scripts\;G:\DeveloperTools\Python3.7\;C:\Users\28459\AppData\Local\Microsoft\WindowsApps;G:\DeveloperTools\VisualStudioCode\Microsoft VS Code\bin;G:\DeveloperTools\CLion 2021.1\bin;%DevEco Studio%;C:\Users\28459\AppData\Local\GitHubDesktop\bin;G:\DeveloperTools\PyCharm 2021.3\bin;G:\DeveloperTools\Git\bin;G:\DeveloperTools\Git\mingw64\libexec\git-core;G:\DeveloperTools\Git\mingw64\bin;$env:POSH_PATH;G:\DeveloperTools\PyCharm 2021.3.1\bin;;G:\DeveloperTools\PyCharm Community Edition 2021.3.1\bin;;G:\nvm;G:\DeveloperTools\node;."/>
    <property name="java.vm.info" value="mixed mode"/>
    <property name="java.vendor" value="Oracle Corporation"/>
    <property name="java.vm.version" value="25.131-b11"/>
    <property name="java.ext.dirs" value="G:\DeveloperTools\Java\jdk1.8.0_131\jre\lib\ext;C:\Windows\Sun\Java\lib\ext"/>
    <property name="sun.io.unicode.encoding" value="UnicodeLittle"/>
    <property name="java.class.version" value="52.0"/>
  </properties>
  <testcase name="contextLoads" classname="com.yep.NovelWebsiteApplicationTests" time="0.279"/>
  <testcase name="testMapper" classname="com.yep.NovelWebsiteApplicationTests" time="0.296"/>
  <testcase name="testPassword" classname="com.yep.NovelWebsiteApplicationTests" time="0.067"/>
</testsuite>